#
# There is insufficient memory for the Java Runtime Environment to continue.
# Native memory allocation (malloc) failed to allocate 1837936 bytes for Chunk::new
# Possible reasons:
#   The system is out of physical RAM or swap space
#   The process is running with CompressedOops enabled, and the Java Heap may be blocking the growth of the native heap
# Possible solutions:
#   Reduce memory load on the system
#   Increase physical memory or swap space
#   Check if swap backing store is full
#   Decrease Java heap size (-Xmx/-Xms)
#   Decrease number of Java threads
#   Decrease Java thread stack sizes (-Xss)
#   Set larger code cache with -XX:ReservedCodeCacheSize=
#   JVM is running with Unscaled Compressed Oops mode in which the Java heap is
#     placed in the first 4GB address space. The Java Heap base address is the
#     maximum limit for the native heap growth. Please use -XX:HeapBaseMinAddress
#     to set the Java Heap base and to place the Java Heap above 4GB virtual address.
# This output file may be truncated or incomplete.
#
#  Out of Memory Error (allocation.cpp:389), pid=28416, tid=0x00000000000050c0
#
# JRE version: OpenJDK Runtime Environment (8.0_292-b10) (build 1.8.0_292-b10)
# Java VM: OpenJDK 64-Bit Server VM (25.292-b10 mixed mode windows-amd64 compressed oops)
# Failed to write core dump. Minidumps are not enabled by default on client versions of Windows
#

---------------  T H R E A D  ---------------

Current thread (0x0000000019b10000):  JavaThread "C2 CompilerThread2" daemon [_thread_in_native, id=20672, stack(0x000000001a5d0000,0x000000001a6d0000)]

Stack: [0x000000001a5d0000,0x000000001a6d0000]
[error occurred during error reporting (printing stack bounds), id 0xc0000005]

Native frames: (J=compiled Java code, j=interpreted, Vv=VM code, C=native code)


Current CompileTask:
C2:   3596 1475   !   4       java.net.URLClassLoader$1::run (63 bytes)


---------------  P R O C E S S  ---------------

Java Threads: ( => current thread )
  0x000000001cf69800 JavaThread "Cache worker for journal cache (C:\Users\MSI\.gradle\caches\journal-1)" [_thread_blocked, id=27208, stack(0x0000000020a90000,0x0000000020b90000)]
  0x000000001cf66000 JavaThread "File lock request listener" [_thread_in_native, id=15988, stack(0x000000001f9c0000,0x000000001fac0000)]
  0x000000001cf67800 JavaThread "Cache worker for file hash cache (C:\Users\MSI\.gradle\caches\6.7.1\fileHashes)" [_thread_blocked, id=24636, stack(0x000000001f8c0000,0x000000001f9c0000)]
  0x000000001c5fa800 JavaThread "Thread-9" [_thread_blocked, id=15284, stack(0x000000001e5f0000,0x000000001e6f0000)]
  0x000000001c5f9000 JavaThread "Stdin handler" [_thread_blocked, id=21916, stack(0x000000001e4f0000,0x000000001e5f0000)]
  0x000000001c1c3000 JavaThread "Asynchronous log dispatcher for DefaultDaemonConnection: socket connection from /127.0.0.1:59767 to /127.0.0.1:59768" [_thread_blocked, id=27260, stack(0x000000001e3f0000,0x000000001e4f0000)]
  0x000000001c1c2000 JavaThread "Daemon worker" [_thread_in_native, id=28216, stack(0x000000001e2f0000,0x000000001e3f0000)]
  0x000000001c1c1000 JavaThread "Cancel handler" [_thread_blocked, id=7340, stack(0x000000001e0f0000,0x000000001e1f0000)]
  0x000000001c554000 JavaThread "Handler for socket connection from /127.0.0.1:59767 to /127.0.0.1:59768" [_thread_in_native, id=9132, stack(0x000000001dff0000,0x000000001e0f0000)]
  0x000000001c550800 JavaThread "Daemon" [_thread_blocked, id=16024, stack(0x000000001dcf0000,0x000000001ddf0000)]
  0x000000001c5d4800 JavaThread "Daemon periodic checks" [_thread_blocked, id=11760, stack(0x000000001dbf0000,0x000000001dcf0000)]
  0x000000001c578000 JavaThread "Incoming local TCP Connector on port 59767" [_thread_in_native, id=24304, stack(0x000000001d9b0000,0x000000001dab0000)]
  0x000000001c4f4800 JavaThread "Daemon health stats" [_thread_blocked, id=28236, stack(0x000000001d170000,0x000000001d270000)]
  0x0000000019b55000 JavaThread "Service Thread" daemon [_thread_blocked, id=27348, stack(0x000000001a7d0000,0x000000001a8d0000)]
  0x0000000019b15000 JavaThread "C1 CompilerThread3" daemon [_thread_blocked, id=16432, stack(0x000000001a6d0000,0x000000001a7d0000)]
=>0x0000000019b10000 JavaThread "C2 CompilerThread2" daemon [_thread_in_native, id=20672, stack(0x000000001a5d0000,0x000000001a6d0000)]
  0x0000000019b0d000 JavaThread "C2 CompilerThread1" daemon [_thread_in_native, id=15256, stack(0x000000001a4d0000,0x000000001a5d0000)]
  0x0000000019b06000 JavaThread "C2 CompilerThread0" daemon [_thread_in_native, id=7448, stack(0x000000001a3d0000,0x000000001a4d0000)]
  0x0000000019b01000 JavaThread "Attach Listener" daemon [_thread_blocked, id=27592, stack(0x000000001a2d0000,0x000000001a3d0000)]
  0x0000000019aff800 JavaThread "Signal Dispatcher" daemon [_thread_blocked, id=21780, stack(0x000000001a1d0000,0x000000001a2d0000)]
  0x0000000019af1000 JavaThread "Finalizer" daemon [_thread_blocked, id=21732, stack(0x0000000019fd0000,0x000000001a0d0000)]
  0x0000000017cfc000 JavaThread "Reference Handler" daemon [_thread_blocked, id=25556, stack(0x0000000019ed0000,0x0000000019fd0000)]
  0x0000000002b92800 JavaThread "main" [_thread_blocked, id=15356, stack(0x0000000002a90000,0x0000000002b90000)]

Other Threads:
  0x0000000017cf5800 VMThread [stack: 0x00000000199d0000,0x0000000019ad0000] [id=15880]
  0x0000000019b56000 WatcherThread [stack: 0x000000001a8d0000,0x000000001a9d0000] [id=27472]

VM state:not at safepoint (normal execution)

VM Mutex/Monitor currently owned by a thread: None

heap address: 0x0000000080000000, size: 2048 MB, Compressed Oops mode: 32-bit
Narrow klass base: 0x0000000000000000, Narrow klass shift: 3
Compressed class space size: 1073741824 Address: 0x0000000100000000

Heap:
 PSYoungGen      total 76288K, used 52688K [0x00000000d5580000, 0x00000000daa80000, 0x0000000100000000)
  eden space 65536K, 66% used [0x00000000d5580000,0x00000000d8013f18,0x00000000d9580000)
  from space 10752K, 84% used [0x00000000da000000,0x00000000da8e0250,0x00000000daa80000)
  to   space 10752K, 0% used [0x00000000d9580000,0x00000000d9580000,0x00000000da000000)
 ParOldGen       total 175104K, used 24K [0x0000000080000000, 0x000000008ab00000, 0x00000000d5580000)
  object space 175104K, 0% used [0x0000000080000000,0x0000000080006000,0x000000008ab00000)
 Metaspace       used 17103K, capacity 17750K, committed 18048K, reserved 1064960K
  class space    used 2479K, capacity 2633K, committed 2688K, reserved 1048576K

Card table byte_map: [0x0000000012050000,0x0000000012460000] byte_map_base: 0x0000000011c50000

Marking Bits: (ParMarkBitMap*) 0x000000006af63420
 Begin Bits: [0x0000000012f10000, 0x0000000014f10000)
 End Bits:   [0x0000000014f10000, 0x0000000016f10000)

Polling page: 0x0000000002960000

CodeCache: size=245760Kb used=5742Kb max_used=5742Kb free=240017Kb
 bounds [0x0000000002c90000, 0x0000000003230000, 0x0000000011c90000]
 total_blobs=2001 nmethods=1603 adapters=309
 compilation: enabled

Compilation events (10 events):
Event: 3.559 Thread 0x0000000019b15000 nmethod 1602 0x000000000322aad0 code [0x000000000322ac60, 0x000000000322b048]
Event: 3.579 Thread 0x0000000019b06000 1603   !   4       java.util.zip.ZipFile$ZipFileInflaterInputStream::close (67 bytes)
Event: 3.589 Thread 0x0000000019b15000 1604       3       java.lang.Class::cast (27 bytes)
Event: 3.590 Thread 0x0000000019b15000 nmethod 1604 0x000000000322b210 code [0x000000000322b3a0, 0x000000000322b718]
Event: 3.590 Thread 0x0000000019b15000 1605       3       org.gradle.internal.service.DefaultServiceRegistry::isSatisfiedBy (44 bytes)
Event: 3.591 Thread 0x0000000019b15000 nmethod 1605 0x000000000322b810 code [0x000000000322b9c0, 0x000000000322c108]
Event: 3.591 Thread 0x0000000019b15000 1606       3       org.gradle.internal.service.DefaultServiceRegistry$SingletonService::getService (18 bytes)
Event: 3.591 Thread 0x0000000019b15000 nmethod 1606 0x000000000322c250 code [0x000000000322c3e0, 0x000000000322c658]
Event: 3.591 Thread 0x0000000019b15000 1607       3       org.gradle.internal.service.DefaultServiceRegistry::access$1200 (6 bytes)
Event: 3.591 Thread 0x0000000019b15000 nmethod 1607 0x000000000322c750 code [0x000000000322c8c0, 0x000000000322ca28]

GC Heap History (4 events):
Event: 1.276 GC heap before
{Heap before GC invocations=1 (full 0):
 PSYoungGen      total 76288K, used 65536K [0x00000000d5580000, 0x00000000daa80000, 0x0000000100000000)
  eden space 65536K, 100% used [0x00000000d5580000,0x00000000d9580000,0x00000000d9580000)
  from space 10752K, 0% used [0x00000000da000000,0x00000000da000000,0x00000000daa80000)
  to   space 10752K, 0% used [0x00000000d9580000,0x00000000d9580000,0x00000000da000000)
 ParOldGen       total 175104K, used 0K [0x0000000080000000, 0x000000008ab00000, 0x00000000d5580000)
  object space 175104K, 0% used [0x0000000080000000,0x0000000080000000,0x000000008ab00000)
 Metaspace       used 7353K, capacity 7606K, committed 7680K, reserved 1056768K
  class space    used 915K, capacity 1005K, committed 1024K, reserved 1048576K
Event: 1.282 GC heap after
Heap after GC invocations=1 (full 0):
 PSYoungGen      total 76288K, used 5821K [0x00000000d5580000, 0x00000000daa80000, 0x0000000100000000)
  eden space 65536K, 0% used [0x00000000d5580000,0x00000000d5580000,0x00000000d9580000)
  from space 10752K, 54% used [0x00000000d9580000,0x00000000d9b2f478,0x00000000da000000)
  to   space 10752K, 0% used [0x00000000da000000,0x00000000da000000,0x00000000daa80000)
 ParOldGen       total 175104K, used 16K [0x0000000080000000, 0x000000008ab00000, 0x00000000d5580000)
  object space 175104K, 0% used [0x0000000080000000,0x0000000080004000,0x000000008ab00000)
 Metaspace       used 7353K, capacity 7606K, committed 7680K, reserved 1056768K
  class space    used 915K, capacity 1005K, committed 1024K, reserved 1048576K
}
Event: 2.866 GC heap before
{Heap before GC invocations=2 (full 0):
 PSYoungGen      total 76288K, used 71357K [0x00000000d5580000, 0x00000000daa80000, 0x0000000100000000)
  eden space 65536K, 100% used [0x00000000d5580000,0x00000000d9580000,0x00000000d9580000)
  from space 10752K, 54% used [0x00000000d9580000,0x00000000d9b2f478,0x00000000da000000)
  to   space 10752K, 0% used [0x00000000da000000,0x00000000da000000,0x00000000daa80000)
 ParOldGen       total 175104K, used 16K [0x0000000080000000, 0x000000008ab00000, 0x00000000d5580000)
  object space 175104K, 0% used [0x0000000080000000,0x0000000080004000,0x000000008ab00000)
 Metaspace       used 14085K, capacity 14560K, committed 14720K, reserved 1062912K
  class space    used 1983K, capacity 2110K, committed 2176K, reserved 1048576K
Event: 2.878 GC heap after
Heap after GC invocations=2 (full 0):
 PSYoungGen      total 76288K, used 9088K [0x00000000d5580000, 0x00000000daa80000, 0x0000000100000000)
  eden space 65536K, 0% used [0x00000000d5580000,0x00000000d5580000,0x00000000d9580000)
  from space 10752K, 84% used [0x00000000da000000,0x00000000da8e0250,0x00000000daa80000)
  to   space 10752K, 0% used [0x00000000d9580000,0x00000000d9580000,0x00000000da000000)
 ParOldGen       total 175104K, used 24K [0x0000000080000000, 0x000000008ab00000, 0x00000000d5580000)
  object space 175104K, 0% used [0x0000000080000000,0x0000000080006000,0x000000008ab00000)
 Metaspace       used 14085K, capacity 14560K, committed 14720K, reserved 1062912K
  class space    used 1983K, capacity 2110K, committed 2176K, reserved 1048576K
}

Deoptimization events (10 events):
Event: 2.439 Thread 0x000000001c1c2000 Uncommon trap: reason=bimorphic action=maybe_recompile pc=0x0000000002f1f810 method=java.util.HashMap.putVal(ILjava/lang/Object;Ljava/lang/Object;ZZ)Ljava/lang/Object; @ 253
Event: 2.439 Thread 0x000000001c1c2000 Uncommon trap: reason=bimorphic action=maybe_recompile pc=0x0000000002f1f810 method=java.util.HashMap.putVal(ILjava/lang/Object;Ljava/lang/Object;ZZ)Ljava/lang/Object; @ 253
Event: 2.439 Thread 0x000000001c1c2000 Uncommon trap: reason=bimorphic action=maybe_recompile pc=0x0000000002f1f810 method=java.util.HashMap.putVal(ILjava/lang/Object;Ljava/lang/Object;ZZ)Ljava/lang/Object; @ 253
Event: 2.439 Thread 0x000000001c1c2000 Uncommon trap: reason=bimorphic action=maybe_recompile pc=0x0000000002f1f810 method=java.util.HashMap.putVal(ILjava/lang/Object;Ljava/lang/Object;ZZ)Ljava/lang/Object; @ 253
Event: 2.979 Thread 0x000000001c1c2000 Uncommon trap: reason=class_check action=maybe_recompile pc=0x0000000002fae948 method=java.util.regex.Matcher.match(II)Z @ 86
Event: 3.021 Thread 0x000000001c1c2000 Uncommon trap: reason=class_check action=maybe_recompile pc=0x0000000002fae948 method=java.util.regex.Matcher.match(II)Z @ 86
Event: 3.022 Thread 0x000000001c1c2000 Uncommon trap: reason=class_check action=maybe_recompile pc=0x0000000002fae948 method=java.util.regex.Matcher.match(II)Z @ 86
Event: 3.022 Thread 0x000000001c1c2000 Uncommon trap: reason=class_check action=maybe_recompile pc=0x0000000002e44298 method=java.util.regex.Matcher.match(II)Z @ 86
Event: 3.126 Thread 0x000000001c1c2000 Uncommon trap: reason=unstable_if action=reinterpret pc=0x0000000002fabc0c method=java.io.File.getName()Ljava/lang/String; @ 16
Event: 3.126 Thread 0x000000001c1c2000 Uncommon trap: reason=unstable_if action=reinterpret pc=0x0000000002fa9a1c method=java.lang.String.substring(I)Ljava/lang/String; @ 35

Classes redefined (0 events):
No events

Internal exceptions (10 events):
Event: 2.335 Thread 0x000000001c554000 Exception <a 'java/lang/NoSuchMethodError': <clinit>> (0x00000000d78db270) thrown at [C:\cygwin64\tmp\build\source\java-1.8.0-openjdk\tmp\jdk8u\hotspot\src\share\vm\prims\jni.cpp, line 1616]
Event: 2.339 Thread 0x000000001c554000 Exception <a 'java/lang/NoSuchMethodError': <clinit>> (0x00000000d78f4710) thrown at [C:\cygwin64\tmp\build\source\java-1.8.0-openjdk\tmp\jdk8u\hotspot\src\share\vm\prims\jni.cpp, line 1616]
Event: 2.358 Thread 0x000000001c554000 Exception <a 'java/lang/NoSuchMethodError': <clinit>> (0x00000000d795c040) thrown at [C:\cygwin64\tmp\build\source\java-1.8.0-openjdk\tmp\jdk8u\hotspot\src\share\vm\prims\jni.cpp, line 1616]
Event: 2.371 Thread 0x000000001c554000 Exception <a 'java/lang/NoSuchMethodError': <clinit>> (0x00000000d7996be0) thrown at [C:\cygwin64\tmp\build\source\java-1.8.0-openjdk\tmp\jdk8u\hotspot\src\share\vm\prims\jni.cpp, line 1616]
Event: 2.378 Thread 0x000000001c554000 Exception <a 'java/lang/NoSuchMethodError': <clinit>> (0x00000000d79ccb38) thrown at [C:\cygwin64\tmp\build\source\java-1.8.0-openjdk\tmp\jdk8u\hotspot\src\share\vm\prims\jni.cpp, line 1616]
Event: 2.804 Thread 0x000000001c1c2000 Exception <a 'java/lang/NoSuchMethodError': java.lang.Object.lambda$static$0(Lorg/gradle/internal/state/ModelObject;)Ljava/lang/String;> (0x00000000d8e9c3b0) thrown at [C:\cygwin64\tmp\build\source\java-1.8.0-openjdk\tmp\jdk8u\hotspot\src\share\vm\interpr
Event: 3.190 Thread 0x000000001c1c2000 Exception <a 'java/lang/NoSuchMethodError': java.lang.Object.lambda$and$0(Ljava/util/function/Predicate;Ljava/lang/Object;)Z> (0x00000000d6423a10) thrown at [C:\cygwin64\tmp\build\source\java-1.8.0-openjdk\tmp\jdk8u\hotspot\src\share\vm\interpreter\linkRe
Event: 3.198 Thread 0x000000001c1c2000 Exception <a 'java/lang/IncompatibleClassChangeError': Found class java.lang.Object, but interface was expected> (0x00000000d6433e48) thrown at [C:\cygwin64\tmp\build\source\java-1.8.0-openjdk\tmp\jdk8u\hotspot\src\share\vm\interpreter\linkResolver.cpp, l
Event: 3.201 Thread 0x000000001c1c2000 Exception <a 'java/lang/NoSuchMethodError': java.lang.Object.lambda$or$2(Ljava/util/function/Predicate;Ljava/lang/Object;)Z> (0x00000000d6438b80) thrown at [C:\cygwin64\tmp\build\source\java-1.8.0-openjdk\tmp\jdk8u\hotspot\src\share\vm\interpreter\linkRes
Event: 3.250 Thread 0x000000001c1c2000 Exception <a 'java/lang/NoSuchMethodError': java.lang.Object.lambda$comparing$77a9974f$1(Ljava/util/function/Function;Ljava/lang/Object;Ljava/lang/Object;)I> (0x00000000d67d67a0) thrown at [C:\cygwin64\tmp\build\source\java-1.8.0-openjdk\tmp\jdk8u\hotspot

Events (10 events):
Event: 3.592 loading class org/gradle/api/resources/MissingResourceException
Event: 3.592 loading class org/gradle/api/resources/MissingResourceException done
Event: 3.592 loading class org/gradle/api/resources/ResourceException
Event: 3.592 loading class org/gradle/api/resources/ResourceException done
Event: 3.593 loading class org/gradle/initialization/layout/BuildLayoutConfiguration
Event: 3.593 loading class org/gradle/initialization/layout/BuildLayoutConfiguration done
Event: 3.593 loading class org/gradle/internal/scripts/DefaultScriptFileResolver
Event: 3.593 loading class org/gradle/internal/scripts/DefaultScriptFileResolver done
Event: 3.594 loading class org/gradle/internal/scripts/ScriptFileResolver
Event: 3.594 loading class org/gradle/internal/scripts/ScriptFileResolver done


Dynamic libraries:
0x00007ff7370d0000 - 0x00007ff737105000 	C:\Program Files\OpenJDK\openjdk-8u292-b10\bin\java.exe
0x00007ffd18d50000 - 0x00007ffd18f45000 	C:\Windows\SYSTEM32\ntdll.dll
0x00007ffd18860000 - 0x00007ffd1891d000 	C:\Windows\System32\KERNEL32.DLL
0x00007ffd169e0000 - 0x00007ffd16ca8000 	C:\Windows\System32\KERNELBASE.dll
0x00007ffd17640000 - 0x00007ffd176ec000 	C:\Windows\System32\ADVAPI32.dll
0x00007ffd18360000 - 0x00007ffd183fe000 	C:\Windows\System32\msvcrt.dll
0x00007ffd18b20000 - 0x00007ffd18bbb000 	C:\Windows\System32\sechost.dll
0x00007ffd178c0000 - 0x00007ffd179eb000 	C:\Windows\System32\RPCRT4.dll
0x00007ffd16dc0000 - 0x00007ffd16f60000 	C:\Windows\System32\USER32.dll
0x00007ffd16750000 - 0x00007ffd16772000 	C:\Windows\System32\win32u.dll
0x00007ffd18400000 - 0x00007ffd1842a000 	C:\Windows\System32\GDI32.dll
0x00007ffd16530000 - 0x00007ffd1663b000 	C:\Windows\System32\gdi32full.dll
0x00007ffd16490000 - 0x00007ffd1652d000 	C:\Windows\System32\msvcp_win.dll
0x00007ffd168e0000 - 0x00007ffd169e0000 	C:\Windows\System32\ucrtbase.dll
0x00007ffd08680000 - 0x00007ffd0891a000 	C:\Windows\WinSxS\amd64_microsoft.windows.common-controls_6595b64144ccf1df_6.0.19041.1052_none_60b8f8fd71f5e8cb\COMCTL32.dll
0x00007ffd18bc0000 - 0x00007ffd18bf0000 	C:\Windows\System32\IMM32.DLL
0x000000006bdd0000 - 0x000000006bea2000 	C:\Program Files\OpenJDK\openjdk-8u292-b10\jre\bin\msvcr100.dll
0x000000006a750000 - 0x000000006afe5000 	C:\Program Files\OpenJDK\openjdk-8u292-b10\jre\bin\server\jvm.dll
0x00007ffd17480000 - 0x00007ffd17488000 	C:\Windows\System32\PSAPI.DLL
0x00007ffd15280000 - 0x00007ffd1528a000 	C:\Windows\SYSTEM32\VERSION.dll
0x00007ffd097b0000 - 0x00007ffd097d7000 	C:\Windows\SYSTEM32\WINMM.dll
0x00007ffd13990000 - 0x00007ffd13999000 	C:\Windows\SYSTEM32\WSOCK32.dll
0x00007ffd18430000 - 0x00007ffd1849b000 	C:\Windows\System32\WS2_32.dll
0x00007ffd093f0000 - 0x00007ffd093ff000 	C:\Program Files\OpenJDK\openjdk-8u292-b10\jre\bin\verify.dll
0x00007ffcfc2b0000 - 0x00007ffcfc2d9000 	C:\Program Files\OpenJDK\openjdk-8u292-b10\jre\bin\java.dll
0x00007ffcec2c0000 - 0x00007ffcec2d6000 	C:\Program Files\OpenJDK\openjdk-8u292-b10\jre\bin\zip.dll
0x00007ffd17a10000 - 0x00007ffd1814f000 	C:\Windows\System32\SHELL32.dll
0x00007ffd14ab0000 - 0x00007ffd15240000 	C:\Windows\SYSTEM32\windows.storage.dll
0x00007ffd184a0000 - 0x00007ffd187f5000 	C:\Windows\System32\combase.dll
0x00007ffd15e30000 - 0x00007ffd15e5c000 	C:\Windows\SYSTEM32\Wldp.dll
0x00007ffd18940000 - 0x00007ffd189ee000 	C:\Windows\System32\SHCORE.dll
0x00007ffd18300000 - 0x00007ffd18355000 	C:\Windows\System32\shlwapi.dll
0x00007ffd163d0000 - 0x00007ffd163ef000 	C:\Windows\SYSTEM32\profapi.dll
0x00007ffce38c0000 - 0x00007ffce38db000 	C:\Program Files\OpenJDK\openjdk-8u292-b10\jre\bin\net.dll
0x00007ffd15ba0000 - 0x00007ffd15c0a000 	C:\Windows\system32\mswsock.dll
0x00007ffce38a0000 - 0x00007ffce38b2000 	C:\Program Files\OpenJDK\openjdk-8u292-b10\jre\bin\nio.dll
0x00007ffcfcdf0000 - 0x00007ffcfce17000 	C:\Users\MSI\.gradle\native\fdc75f09e3144964f2cf3f50f0aa648679c211496f362492102eb8c894070792\windows-amd64\native-platform.dll
0x00007ffcdfc80000 - 0x00007ffcdfe16000 	C:\Users\MSI\.gradle\native\12488b8bf47d2d4c9fbf2f6322a914ad602e24e48041cd04a747c6da556b65c4\windows-amd64\native-platform-file-events.dll
0x00007ffd01a60000 - 0x00007ffd01a6d000 	C:\Program Files\OpenJDK\openjdk-8u292-b10\jre\bin\management.dll
0x00007ffd16160000 - 0x00007ffd16178000 	C:\Windows\SYSTEM32\CRYPTSP.dll
0x00007ffd15500000 - 0x00007ffd15534000 	C:\Windows\system32\rsaenh.dll
0x00007ffd16cb0000 - 0x00007ffd16cd7000 	C:\Windows\System32\bcrypt.dll
0x00007ffd16390000 - 0x00007ffd163be000 	C:\Windows\SYSTEM32\USERENV.dll
0x00007ffd16d30000 - 0x00007ffd16db3000 	C:\Windows\System32\bcryptprimitives.dll
0x00007ffd15d20000 - 0x00007ffd15d2c000 	C:\Windows\SYSTEM32\CRYPTBASE.dll
0x00007ffd15850000 - 0x00007ffd1588b000 	C:\Windows\SYSTEM32\IPHLPAPI.DLL
0x00007ffd17a00000 - 0x00007ffd17a08000 	C:\Windows\System32\NSI.dll
0x00007ffd0f1f0000 - 0x00007ffd0f207000 	C:\Windows\SYSTEM32\dhcpcsvc6.DLL
0x00007ffd0f310000 - 0x00007ffd0f32d000 	C:\Windows\SYSTEM32\dhcpcsvc.DLL
0x00007ffd15890000 - 0x00007ffd1595c000 	C:\Windows\SYSTEM32\DNSAPI.dll
0x00007ffd0f960000 - 0x00007ffd0f96b000 	C:\Windows\SYSTEM32\WINNSI.DLL

VM Arguments:
jvm_args: -Xmx2048m -Dfile.encoding=UTF-8 -Duser.country=US -Duser.language=en -Duser.variant 
java_command: org.gradle.launcher.daemon.bootstrap.GradleDaemon 6.7.1
java_class_path (initial): C:\Users\MSI\.gradle\wrapper\dists\gradle-6.7.1-bin\bwlcbys1h7rz3272sye1xwiv6\gradle-6.7.1\lib\gradle-launcher-6.7.1.jar
Launcher Type: SUN_STANDARD

Environment Variables:
JAVA_HOME=C:\Program Files\OpenJDK\openjdk-8u292-b10
CLASSPATH=.;
USERNAME=MSI
OS=Windows_NT
PROCESSOR_IDENTIFIER=Intel64 Family 6 Model 158 Stepping 9, GenuineIntel



---------------  S Y S T E M  ---------------

OS: Windows 10.0 , 64 bit Build 19041 (10.0.19041.1023)

CPU:total 8 (initial active 8) (4 cores per cpu, 2 threads per core) family 6 model 158 stepping 9, cmov, cx8, fxsr, mmx, sse, sse2, sse3, ssse3, sse4.1, sse4.2, popcnt, avx, avx2, aes, clmul, erms, 3dnowpref, lzcnt, ht, tsc, tscinvbit, bmi1, bmi2, adx

Memory: 4k page, physical 16689940k(1974812k free), swap 35970576k(4732k free)

vm_info: OpenJDK 64-Bit Server VM (25.292-b10) for windows-amd64 JRE (1.8.0_292-b10), built on Apr  9 2021 12:12:51 by "build" with MS VC++ 10.0 (VS2010)

time: Thu Jun 17 22:16:52 2021
timezone: SE Asia Standard Time
elapsed time: 3.607856 seconds (0d 0h 0m 3s)

