#
# There is insufficient memory for the Java Runtime Environment to continue.
# Native memory allocation (mmap) failed to map 268435456 bytes for G1 virtual space
# Possible reasons:
#   The system is out of physical RAM or swap space
#   The process is running with CompressedOops enabled, and the Java Heap may be blocking the growth of the native heap
# Possible solutions:
#   Reduce memory load on the system
#   Increase physical memory or swap space
#   Check if swap backing store is full
#   Decrease Java heap size (-Xmx/-Xms)
#   Decrease number of Java threads
#   Decrease Java thread stack sizes (-Xss)
#   Set larger code cache with -XX:ReservedCodeCacheSize=
#   JVM is running with Zero Based Compressed Oops mode in which the Java heap is
#     placed in the first 32GB address space. The Java Heap base address is the
#     maximum limit for the native heap growth. Please use -XX:HeapBaseMinAddress
#     to set the Java Heap base and to place the Java Heap above 32GB virtual address.
# This output file may be truncated or incomplete.
#
#  Out of Memory Error (./open/src/hotspot/os/windows/os_windows.cpp:3321), pid=29068, tid=22880
#
# JRE version:  (15.0.2+7) (build )
# Java VM: OpenJDK 64-Bit Server VM (15.0.2+7-27, mixed mode, sharing, tiered, compressed oops, g1 gc, windows-amd64)
# No core dump will be written. Minidumps are not enabled by default on client versions of Windows
#

---------------  S U M M A R Y ------------

Command Line: -XX:TieredStopAtLevel=1 -Xverify:none -Dspring.output.ansi.enabled=always -javaagent:F:\intelleji\IntelliJ IDEA 2021.1.2\lib\idea_rt.jar=59922:F:\intelleji\IntelliJ IDEA 2021.1.2\bin -Dcom.sun.management.jmxremote -Dspring.jmx.enabled=true -Dspring.liveBeansView.mbeanDomain -Dspring.application.admin.enabled=true -Dfile.encoding=UTF-8 com.example.apimysql.ApiMysqlApplication

Host: Intel(R) Core(TM) i7-7700HQ CPU @ 2.80GHz, 8 cores, 15G,  Windows 10 , 64 bit Build 19041 (10.0.19041.1023)
Time: Thu Jun 17 22:24:56 2021 SE Asia Standard Time elapsed time: 0.028831 seconds (0d 0h 0m 0s)

---------------  T H R E A D  ---------------

Current thread (0x000002a1cb2a3380):  JavaThread "Unknown thread" [_thread_in_vm, id=22880, stack(0x000000e661600000,0x000000e661700000)]

Stack: [0x000000e661600000,0x000000e661700000]
Native frames: (J=compiled Java code, j=interpreted, Vv=VM code, C=native code)
V  [jvm.dll+0x62ae9a]
V  [jvm.dll+0x7817a9]
V  [jvm.dll+0x782f03]
V  [jvm.dll+0x783563]
V  [jvm.dll+0x216325]
V  [jvm.dll+0x6281d9]
V  [jvm.dll+0x61cf55]
V  [jvm.dll+0x2cffdd]
V  [jvm.dll+0x2cfe42]
V  [jvm.dll+0x2d5e1c]
V  [jvm.dll+0x32590a]
V  [jvm.dll+0x324fd4]
V  [jvm.dll+0x2a6f5a]
V  [jvm.dll+0x2a80f8]
V  [jvm.dll+0x75e241]
V  [jvm.dll+0x3341c4]
V  [jvm.dll+0x73e926]
V  [jvm.dll+0x3b7557]
V  [jvm.dll+0x3b8fe1]
C  [jli.dll+0x52fb]
C  [ucrtbase.dll+0x21bb2]
C  [KERNEL32.DLL+0x17034]
C  [ntdll.dll+0x52651]


---------------  P R O C E S S  ---------------

Threads class SMR info:
_java_thread_list=0x00007ffc9ba24ff0, length=0, elements={
}

Java Threads: ( => current thread )

Other Threads:
  0x000002a1cd472d50 GCTaskThread "GC Thread#0" [stack: 0x000000e661800000,0x000000e661900000] [id=9624]
  0x000002a1cd483d60 ConcurrentGCThread "G1 Main Marker" [stack: 0x000000e661900000,0x000000e661a00000] [id=26252]
  0x000002a1cd4850f0 ConcurrentGCThread "G1 Conc#0" [stack: 0x000000e661a00000,0x000000e661b00000] [id=18112]

[error occurred during error reporting (printing all threads), id 0xc0000005, EXCEPTION_ACCESS_VIOLATION (0xc0000005) at pc=0x00007ffc9b217e27]

VM state: not at safepoint (not fully initialized)

VM Mutex/Monitor currently owned by a thread:  ([mutex/lock_event])
[0x000002a1cd41ccf0] Heap_lock - owner thread: 0x000002a1cb2a3380

Heap address: 0x0000000701400000, size: 4076 MB, Compressed Oops mode: Zero based, Oop shift amount: 3
CDS archive(s) mapped at: [0x0000000000000000-0x0000000000000000-0x0000000000000000), size 0, SharedBaseAddress: 0x0000000800000000, ArchiveRelocationMode: 0.
Narrow klass base: 0x0000000000000000, Narrow klass shift: 0, Narrow klass range: 0x0

Heap:
 garbage-first heap   total 262144K, used 0K [0x0000000701400000, 0x0000000800000000)
  region size 2048K, 0 young (0K), 0 survivors (0K)
 Metaspace       used 0K, capacity 0K, committed 0K, reserved 0K
  class space    used 0K, capacity 0K, committed 0K, reserved 0K

Heap Regions: E=young(eden), S=young(survivor), O=old, HS=humongous(starts), HC=humongous(continues), CS=collection set, F=free, OA=open archive, CA=closed archive, TAMS=top-at-mark-start (previous, next)

Card table byte_map: [0x000002a1e5180000,0x000002a1e5980000] _byte_map_base: 0x000002a1e1976000

Marking Bits (Prev, Next): (CMBitMap*) 0x000002a1cd473540, (CMBitMap*) 0x000002a1cd473580
 Prev Bits: [0x000002a1e6180000, 0x000002a1ea130000)
 Next Bits: [0x000002a1ea130000, 0x000002a1ee0e0000)

GC Heap History (0 events):
No events

Deoptimization events (0 events):
No events

Classes unloaded (0 events):
No events

Classes redefined (0 events):
No events

Internal exceptions (0 events):
No events

Events (1 events):
Event: 0.013 Loaded shared library C:\Users\MSI\.jdks\openjdk-15.0.2\bin\java.dll


Dynamic libraries:
0x00007ff600c00000 - 0x00007ff600c0d000 	C:\Users\MSI\.jdks\openjdk-15.0.2\bin\java.exe
0x00007ffd18d50000 - 0x00007ffd18f45000 	C:\Windows\SYSTEM32\ntdll.dll
0x00007ffd18860000 - 0x00007ffd1891d000 	C:\Windows\System32\KERNEL32.DLL
0x00007ffd169e0000 - 0x00007ffd16ca8000 	C:\Windows\System32\KERNELBASE.dll
0x00007ffd168e0000 - 0x00007ffd169e0000 	C:\Windows\System32\ucrtbase.dll
0x00007ffcdf710000 - 0x00007ffcdf728000 	C:\Users\MSI\.jdks\openjdk-15.0.2\bin\jli.dll
0x00007ffd16dc0000 - 0x00007ffd16f60000 	C:\Windows\System32\USER32.dll
0x00007ffcdf370000 - 0x00007ffcdf389000 	C:\Users\MSI\.jdks\openjdk-15.0.2\bin\VCRUNTIME140.dll
0x00007ffd16750000 - 0x00007ffd16772000 	C:\Windows\System32\win32u.dll
0x00007ffd18400000 - 0x00007ffd1842a000 	C:\Windows\System32\GDI32.dll
0x00007ffd16530000 - 0x00007ffd1663b000 	C:\Windows\System32\gdi32full.dll
0x00007ffd16490000 - 0x00007ffd1652d000 	C:\Windows\System32\msvcp_win.dll
0x00007ffd08680000 - 0x00007ffd0891a000 	C:\Windows\WinSxS\amd64_microsoft.windows.common-controls_6595b64144ccf1df_6.0.19041.1052_none_60b8f8fd71f5e8cb\COMCTL32.dll
0x00007ffd18360000 - 0x00007ffd183fe000 	C:\Windows\System32\msvcrt.dll
0x00007ffd18bc0000 - 0x00007ffd18bf0000 	C:\Windows\System32\IMM32.DLL
0x00007ffcfcce0000 - 0x00007ffcfccec000 	C:\Users\MSI\.jdks\openjdk-15.0.2\bin\vcruntime140_1.dll
0x00007ffcd3430000 - 0x00007ffcd34c1000 	C:\Users\MSI\.jdks\openjdk-15.0.2\bin\msvcp140.dll
0x00007ffc9af60000 - 0x00007ffc9babe000 	C:\Users\MSI\.jdks\openjdk-15.0.2\bin\server\jvm.dll
0x00007ffd17640000 - 0x00007ffd176ec000 	C:\Windows\System32\ADVAPI32.dll
0x00007ffd18b20000 - 0x00007ffd18bbb000 	C:\Windows\System32\sechost.dll
0x00007ffd178c0000 - 0x00007ffd179eb000 	C:\Windows\System32\RPCRT4.dll
0x00007ffd17480000 - 0x00007ffd17488000 	C:\Windows\System32\PSAPI.DLL
0x00007ffd11d10000 - 0x00007ffd11d19000 	C:\Windows\SYSTEM32\WSOCK32.dll
0x00007ffd18430000 - 0x00007ffd1849b000 	C:\Windows\System32\WS2_32.dll
0x00007ffd097b0000 - 0x00007ffd097d7000 	C:\Windows\SYSTEM32\WINMM.dll
0x00007ffd15280000 - 0x00007ffd1528a000 	C:\Windows\SYSTEM32\VERSION.dll
0x00007ffd15240000 - 0x00007ffd15252000 	C:\Windows\SYSTEM32\kernel.appcore.dll
0x00007ffcfca40000 - 0x00007ffcfca4a000 	C:\Users\MSI\.jdks\openjdk-15.0.2\bin\jimage.dll
0x00007ffd05670000 - 0x00007ffd05854000 	C:\Windows\SYSTEM32\DBGHELP.DLL
0x00007ffd04e50000 - 0x00007ffd04e7c000 	C:\Windows\SYSTEM32\dbgcore.DLL
0x00007ffd16d30000 - 0x00007ffd16db3000 	C:\Windows\System32\bcryptPrimitives.dll
0x00007ffcec6d0000 - 0x00007ffcec6de000 	C:\Users\MSI\.jdks\openjdk-15.0.2\bin\instrument.dll
0x00007ffcd9a50000 - 0x00007ffcd9a75000 	C:\Users\MSI\.jdks\openjdk-15.0.2\bin\java.dll

dbghelp: loaded successfully - version: 4.0.5 - missing functions: none
symbol engine: initialized successfully - sym options: 0x614 - pdb path: .;C:\Users\MSI\.jdks\openjdk-15.0.2\bin;C:\Windows\SYSTEM32;C:\Windows\WinSxS\amd64_microsoft.windows.common-controls_6595b64144ccf1df_6.0.19041.1052_none_60b8f8fd71f5e8cb;C:\Users\MSI\.jdks\openjdk-15.0.2\bin\server

VM Arguments:
jvm_args: -XX:TieredStopAtLevel=1 -Xverify:none -Dspring.output.ansi.enabled=always -javaagent:F:\intelleji\IntelliJ IDEA 2021.1.2\lib\idea_rt.jar=59922:F:\intelleji\IntelliJ IDEA 2021.1.2\bin -Dcom.sun.management.jmxremote -Dspring.jmx.enabled=true -Dspring.liveBeansView.mbeanDomain -Dspring.application.admin.enabled=true -Dfile.encoding=UTF-8 
java_command: com.example.apimysql.ApiMysqlApplication
java_class_path (initial): D:\Project\FoodOrderingSystem_Group2\FoodOrderingSystem_Server\APIMysql\target\classes;C:\Users\MSI\.m2\repository\org\springframework\boot\spring-boot-starter-data-jpa\2.5.0\spring-boot-starter-data-jpa-2.5.0.jar;C:\Users\MSI\.m2\repository\org\springframework\boot\spring-boot-starter-aop\2.5.0\spring-boot-starter-aop-2.5.0.jar;C:\Users\MSI\.m2\repository\org\springframework\spring-aop\5.3.7\spring-aop-5.3.7.jar;C:\Users\MSI\.m2\repository\org\aspectj\aspectjweaver\1.9.6\aspectjweaver-1.9.6.jar;C:\Users\MSI\.m2\repository\org\springframework\boot\spring-boot-starter-jdbc\2.5.0\spring-boot-starter-jdbc-2.5.0.jar;C:\Users\MSI\.m2\repository\com\zaxxer\HikariCP\4.0.3\HikariCP-4.0.3.jar;C:\Users\MSI\.m2\repository\org\springframework\spring-jdbc\5.3.7\spring-jdbc-5.3.7.jar;C:\Users\MSI\.m2\repository\jakarta\transaction\jakarta.transaction-api\1.3.3\jakarta.transaction-api-1.3.3.jar;C:\Users\MSI\.m2\repository\jakarta\persistence\jakarta.persistence-api\2.2.3\jakarta.persistence-api-2.2.3.jar;C:\Users\MSI\.m2\repository\org\hibernate\hibernate-core\5.4.31.Final\hibernate-core-5.4.31.Final.jar;C:\Users\MSI\.m2\repository\org\jboss\logging\jboss-logging\3.4.1.Final\jboss-logging-3.4.1.Final.jar;C:\Users\MSI\.m2\repository\org\javassist\javassist\3.27.0-GA\javassist-3.27.0-GA.jar;C:\Users\MSI\.m2\repository\net\bytebuddy\byte-buddy\1.10.22\byte-buddy-1.10.22.jar;C:\Users\MSI\.m2\repository\antlr\antlr\2.7.7\antlr-2.7.7.jar;C:\Users\MSI\.m2\repository\org\jboss\jandex\2.2.3.Final\jandex-2.2.3.Final.jar;C:\Users\MSI\.m2\repository\com\fasterxml\classmate\1.5.1\classmate-1.5.1.jar;C:\Users\MSI\.m2\repository\org\dom4j\dom4j\2.1.3\dom4j-2.1.3.jar;C:\Users\MSI\.m2\repository\org\hibernate\common\hibernate-commons-annotations\5.1.2.Final\hibernate-commons-annotations-5.1.2.Final.jar;C:\Users\MSI\.m2\repository\org\glassfish\jaxb\jaxb-runtime\2.3.4\jaxb-runtime-2.3.4.jar;C:\Users\MSI\.m2\repository\org\glassfish\jaxb\txw2\2.3.4\txw2-2.3.4.jar;C:\User
Launcher Type: SUN_STANDARD

[Global flags]
     intx CICompilerCount                          = 4                                         {product} {ergonomic}
     uint ConcGCThreads                            = 2                                         {product} {ergonomic}
     uint G1ConcRefinementThreads                  = 8                                         {product} {ergonomic}
   size_t G1HeapRegionSize                         = 2097152                                   {product} {ergonomic}
    uintx GCDrainStackTargetSize                   = 64                                        {product} {ergonomic}
   size_t InitialHeapSize                          = 268435456                                 {product} {ergonomic}
     bool ManagementServer                         = true                                      {product} {command line}
   size_t MarkStackSize                            = 4194304                                   {product} {ergonomic}
   size_t MaxHeapSize                              = 4273995776                                {product} {ergonomic}
   size_t MinHeapDeltaBytes                        = 2097152                                   {product} {ergonomic}
   size_t MinHeapSize                              = 8388608                                   {product} {ergonomic}
    uintx NonNMethodCodeHeapSize                   = 7549744                                {pd product} {ergonomic}
    uintx NonProfiledCodeHeapSize                  = 244108496                              {pd product} {ergonomic}
    uintx ProfiledCodeHeapSize                     = 0                                      {pd product} {ergonomic}
    uintx ReservedCodeCacheSize                    = 251658240                              {pd product} {ergonomic}
     bool SegmentedCodeCache                       = true                                      {product} {ergonomic}
   size_t SoftMaxHeapSize                          = 4273995776                             {manageable} {ergonomic}
     intx TieredStopAtLevel                        = 1                                         {product} {command line}
     bool UseCompressedClassPointers               = true                                 {lp64_product} {ergonomic}
     bool UseCompressedOops                        = true                                 {lp64_product} {ergonomic}
     bool UseG1GC                                  = true                                      {product} {ergonomic}
     bool UseLargePagesIndividualAllocation        = false                                  {pd product} {ergonomic}

Logging:
Log output configuration:
 #0: stdout all=warning uptime,level,tags
 #1: stderr all=off uptime,level,tags

Environment Variables:
JAVA_HOME=C:\Program Files\OpenJDK\openjdk-8u292-b10
CLASSPATH=.;
PATH=C:\Program Files\Python38\Scripts\;C:\Program Files\Python38\;C:\Program Files (x86)\Common Files\Oracle\Java\javapath;C:\Windows\system32;C:\Windows;C:\Windows\System32\Wbem;C:\Windows\System32\WindowsPowerShell\v1.0\;C:\Windows\System32\OpenSSH\;C:\Program Files\Microsoft SQL Server\130\Tools\Binn\;C:\Program Files\Microsoft SQL Server\Client SDK\ODBC\170\Tools\Binn\;C:\xampp\php;C:\composer;C:\Program Files\Git\cmd;C:\Program Files (x86)\Yarn\bin\;C:\Program Files (x86)\Microsoft SQL Server\150\Tools\Binn\;C:\Program Files\Microsoft SQL Server\150\Tools\Binn\;C:\Program Files\Microsoft SQL Server\150\DTS\Binn\;C:\Program Files (x86)\Microsoft SQL Server\150\DTS\Binn\;C:\Program Files\dotnet\;C:\Program Files\OpenJDK\openjdk-8u292-b10\lib;C:\Program Files\OpenJDK\openjdk-8u292-b10;C:\Program Files\OpenJDK\openjdk-8u292-b10\bin;C:\Users\MSI\AppData\Local\Android\Sdk\tools;C:\Users\MSI\AppData\Local\Android\Sdk\build-tools;C:\Users\MSI\AppData\Local\Android\Sdk\platform-tools;C:\Program Files\Android\Android Studio\bin;C:\ProgramData\chocolatey\bin;C:\Program Files\nodejs\;C:\Program Files\Java\jdk1.8.0_211\bin;C:\Program Files\MySQL\MySQL Shell 8.0\bin\;C:\Users\MSI\anaconda3;C:\Users\MSI\anaconda3\Library\mingw-w64\bin;C:\Users\MSI\anaconda3\Library\usr\bin;C:\Users\MSI\anaconda3\Library\bin;C:\Users\MSI\anaconda3\Scripts;C:\Users\MSI\AppData\Local\Microsoft\WindowsApps;C:\Users\MSI\AppData\Local\Programs\Microsoft VS Code\bin;C:\Users\MSI\AppData\Roaming\Composer\vendor\bin;C:\Users\MSI\AppData\Local\Yarn\bin;C:\Users\MSI\.dotnet\tools;C:\Program Files\mingw-w64\x86_64-8.1.0-posix-seh-rt_v6-rev0\mingw64\bin;C:\Program Files\JetBrains\PyCharm Edu 2020.2.4\bin;C:\Program Files\JetBrains\PyCharm 2020.3.3\bin;C:\Program Files\JetBrains\IntelliJ IDEA 2020.3.2\bin;C:\Program Files\JetBrains\PhpStorm 2020.3.2\bin;C:\Users\MSI\AppData\Local\gitkraken\bin;C:\Users\MSI\AppData\Roaming\npm;C:\Users\MSI\AppData\Local\Android\Sdk\platform-tools;F:\intelleji\IntelliJ IDEA 20
USERNAME=MSI
OS=Windows_NT
PROCESSOR_IDENTIFIER=Intel64 Family 6 Model 158 Stepping 9, GenuineIntel



---------------  S Y S T E M  ---------------

OS:
 Windows 10 , 64 bit Build 19041 (10.0.19041.1023)
OS uptime: 3 days 14:47 hours
HyperV virtualization detected

CPU: total 8 (initial active 8) (4 cores per cpu, 2 threads per core) family 6 model 158 stepping 9 microcode 0xde, cmov, cx8, fxsr, mmx, sse, sse2, sse3, ssse3, sse4.1, sse4.2, popcnt, vzeroupper, avx, avx2, aes, clmul, erms, 3dnowpref, lzcnt, ht, tsc, tscinvbit, bmi1, bmi2, adx, fma, clflush, clflushopt

Memory: 4k page, system-wide physical 16298M (355M free)
TotalPageFile size 35127M (AvailPageFile size 233M)
current process WorkingSet (physical memory assigned to process): 10M, peak: 10M
current process commit charge ("private bytes"): 58M, peak: 313M

vm_info: OpenJDK 64-Bit Server VM (15.0.2+7-27) for windows-amd64 JRE (15.0.2+7-27), built on Dec  7 2020 20:02:38 by "mach5one" with unknown MS VC++:1925

END.
